<?xml version="1.0" encoding="UTF-8"?>
<testng-results ignored="0" total="1" passed="1" failed="0" skipped="0">
  <reporter-output>
  </reporter-output>
  <suite started-at="2022-03-23T12:51:39 IST" name="Default suite" finished-at="2022-03-23T12:52:14 IST" duration-ms="35277">
    <groups>
    </groups>
    <test started-at="2022-03-23T12:51:39 IST" name="Default test" finished-at="2022-03-23T12:52:14 IST" duration-ms="35277">
      <class name="com.crm.DemoMaven.LoginCMDParameter">
        <test-method signature="login()[pri:0, instance:com.crm.DemoMaven.LoginCMDParameter@41e36e46]" started-at="2022-03-23T12:51:39 IST" name="login" finished-at="2022-03-23T12:52:14 IST" duration-ms="35214" status="PASS">
          <reporter-output>
          </reporter-output>
        </test-method> <!-- login -->
      </class> <!-- com.crm.DemoMaven.LoginCMDParameter -->
    </test> <!-- Default test -->
  </suite> <!-- Default suite -->
</testng-results>
